2021-07-06 12:28:15,623 INFO  [Log] Browser Opened 
2021-07-06 12:28:31,403 INFO  [Log] Applicaton Opened 
2021-07-06 12:28:31,756 INFO  [Log] Applicaton Closed 
2021-07-06 12:28:36,806 INFO  [Log] Browser Opened 
2021-07-06 12:28:39,480 INFO  [Log] Applicaton Opened 
2021-07-06 12:28:57,131 INFO  [Log] new Employee added 
2021-07-06 12:28:57,462 INFO  [Log] Applicaton Closed 
2021-07-06 12:29:03,512 INFO  [Log] Browser Opened 
2021-07-06 12:29:04,976 INFO  [Log] Applicaton Opened 
2021-07-06 12:29:40,460 INFO  [Log] Added new company location 
2021-07-06 12:29:41,192 INFO  [Log] Applicaton Closed 
2021-07-06 12:29:46,375 INFO  [Log] Browser Opened 
2021-07-06 12:29:47,734 INFO  [Log] Applicaton Opened 
2021-07-06 12:33:12,958 INFO  [Log] Browser Opened 
2021-07-06 12:33:14,643 INFO  [Log] Applicaton Opened 
2021-07-06 12:33:14,877 INFO  [Log] Applicaton Closed 
2021-07-06 12:33:19,858 INFO  [Log] Browser Opened 
2021-07-06 12:33:22,021 INFO  [Log] Applicaton Opened 
2021-07-06 12:33:33,571 INFO  [Log] new Employee added 
2021-07-06 12:33:33,975 INFO  [Log] Applicaton Closed 
2021-07-06 12:33:38,819 INFO  [Log] Browser Opened 
2021-07-06 12:33:40,229 INFO  [Log] Applicaton Opened 
2021-07-06 12:34:14,722 INFO  [Log] Added new company location 
2021-07-06 12:34:15,067 INFO  [Log] Applicaton Closed 
2021-07-06 13:33:02,720 INFO  [Log] Browser Opened 
2021-07-06 13:33:04,166 INFO  [Log] Applicaton Opened 
2021-07-06 13:33:04,409 INFO  [Log] Applicaton Closed 
2021-07-06 13:33:08,181 INFO  [Log] Browser Opened 
2021-07-06 13:33:10,355 INFO  [Log] Applicaton Opened 
2021-07-06 13:33:21,515 INFO  [Log] new Employee added 
2021-07-06 13:33:21,771 INFO  [Log] Applicaton Closed 
2021-07-06 13:33:26,058 INFO  [Log] Browser Opened 
2021-07-06 13:33:27,677 INFO  [Log] Applicaton Opened 
2021-07-06 13:34:02,192 INFO  [Log] Added new company location 
2021-07-06 13:34:02,444 INFO  [Log] Applicaton Closed 
